[2017-12-28 11:44:35] local.INFO: {"id":998,"isdelete":0,"created_at":"1512540129","updated_at":"1514170913","openid":"omACoji20sVNM1EOuF5JXrL6SCgw","name":"\u6781\u5ea6\u65e0\u804a\u7684fans","tel":"13111111111","gender":2,"avatar":"http:\/\/wx.qlogo.cn\/mmopen\/PiajxSqBRaEJOa81jI2wsHLeiaWU7NGWFvyj4NJBL3e4slOVZJrn0syqeEUroCRpx2cuWbE7HDic2cstkgYI0zKF1m6CNg7ib5IGwhMVSF9ypX4\/0"}  
[2017-12-28 11:44:36] local.ERROR: EasyWeChat\Core\Exceptions\HttpException: Request AccessToken fail. response: {"errcode":40164,"errmsg":"invalid ip 180.139.200.105, not in whitelist hint: [7z06772805]"} in /home/vagrant/Code/bewifing.net/jan.bewifing.net/vendor/overtrue/wechat/src/Core/AccessToken.php:220
Stack trace:
#0 /home/vagrant/Code/bewifing.net/jan.bewifing.net/vendor/overtrue/wechat/src/Core/AccessToken.php(111): EasyWeChat\Core\AccessToken->getTokenFromServer()
#1 /home/vagrant/Code/bewifing.net/jan.bewifing.net/vendor/overtrue/wechat/src/Core/AbstractAPI.php(167): EasyWeChat\Core\AccessToken->getToken()
#2 /home/vagrant/Code/bewifing.net/jan.bewifing.net/vendor/guzzlehttp/guzzle/src/RetryMiddleware.php(66): EasyWeChat\Core\AbstractAPI->EasyWeChat\Core\{closure}(Object(GuzzleHttp\Psr7\Request), Array)
#3 /home/vagrant/Code/bewifing.net/jan.bewifing.net/vendor/guzzlehttp/guzzle/src/Middleware.php(132): GuzzleHttp\RetryMiddleware->__invoke(Object(GuzzleHttp\Psr7\Request), Array)
#4 /home/vagrant/Code/bewifing.net/jan.bewifing.net/vendor/guzzlehttp/guzzle/src/PrepareBodyMiddleware.php(42): GuzzleHttp\Middleware::GuzzleHttp\{closure}(Object(GuzzleHttp\Psr7\Request), Array)
#5 /home/vagrant/Code/bewifing.net/jan.bewifing.net/vendor/guzzlehttp/guzzle/src/Middleware.php(30): GuzzleHttp\PrepareBodyMiddleware->__invoke(Object(GuzzleHttp\Psr7\Request), Array)
#6 /home/vagrant/Code/bewifing.net/jan.bewifing.net/vendor/guzzlehttp/guzzle/src/RedirectMiddleware.php(68): GuzzleHttp\Middleware::GuzzleHttp\{closure}(Object(GuzzleHttp\Psr7\Request), Array)
#7 /home/vagrant/Code/bewifing.net/jan.bewifing.net/vendor/guzzlehttp/guzzle/src/Middleware.php(59): GuzzleHttp\RedirectMiddleware->__invoke(Object(GuzzleHttp\Psr7\Request), Array)
#8 /home/vagrant/Code/bewifing.net/jan.bewifing.net/vendor/guzzlehttp/guzzle/src/HandlerStack.php(67): GuzzleHttp\Middleware::GuzzleHttp\{closure}(Object(GuzzleHttp\Psr7\Request), Array)
#9 /home/vagrant/Code/bewifing.net/jan.bewifing.net/vendor/guzzlehttp/guzzle/src/Client.php(275): GuzzleHttp\HandlerStack->__invoke(Object(GuzzleHttp\Psr7\Request), Array)
#10 /home/vagrant/Code/bewifing.net/jan.bewifing.net/vendor/guzzlehttp/guzzle/src/Client.php(123): GuzzleHttp\Client->transfer(Object(GuzzleHttp\Psr7\Request), Array)
#11 /home/vagrant/Code/bewifing.net/jan.bewifing.net/vendor/guzzlehttp/guzzle/src/Client.php(129): GuzzleHttp\Client->requestAsync('GET', Object(GuzzleHttp\Psr7\Uri), Array)
#12 /home/vagrant/Code/bewifing.net/jan.bewifing.net/vendor/overtrue/wechat/src/Core/Http.php(228): GuzzleHttp\Client->request('GET', 'https://api.wei...', Array)
#13 /home/vagrant/Code/bewifing.net/jan.bewifing.net/vendor/overtrue/wechat/src/Core/Http.php(88): EasyWeChat\Core\Http->request('https://api.wei...', 'GET', Array)
#14 [internal function]: EasyWeChat\Core\Http->get('https://api.wei...', Array)
#15 /home/vagrant/Code/bewifing.net/jan.bewifing.net/vendor/overtrue/wechat/src/Core/AbstractAPI.php(133): call_user_func_array(Array, Array)
#16 /home/vagrant/Code/bewifing.net/jan.bewifing.net/vendor/overtrue/wechat/src/Js/Js.php(108): EasyWeChat\Core\AbstractAPI->parseJSON('get', Array)
#17 /home/vagrant/Code/bewifing.net/jan.bewifing.net/vendor/overtrue/wechat/src/Js/Js.php(129): EasyWeChat\Js\Js->ticket()
#18 /home/vagrant/Code/bewifing.net/jan.bewifing.net/vendor/overtrue/wechat/src/Js/Js.php(70): EasyWeChat\Js\Js->signature()
#19 /home/vagrant/Code/bewifing.net/jan.bewifing.net/app/Services/PublicUtil.php(57): EasyWeChat\Js\Js->config(Array, false, false, true)
#20 /home/vagrant/Code/bewifing.net/jan.bewifing.net/vendor/laravel/framework/src/Illuminate/Support/Facades/Facade.php(238): App\Services\PublicUtil->jssdk('http://jan.app/...')
#21 /home/vagrant/Code/bewifing.net/jan.bewifing.net/app/Http/Controllers/ZiXun/ZiXunController.php(69): Illuminate\Support\Facades\Facade::__callStatic('jssdk', Array)
#22 [internal function]: App\Http\Controllers\ZiXun\ZiXunController->zixun('Guide')
#23 /home/vagrant/Code/bewifing.net/jan.bewifing.net/vendor/laravel/framework/src/Illuminate/Routing/Controller.php(55): call_user_func_array(Array, Array)
#24 /home/vagrant/Code/bewifing.net/jan.bewifing.net/vendor/laravel/framework/src/Illuminate/Routing/ControllerDispatcher.php(44): Illuminate\Routing\Controller->callAction('zixun', Array)
#25 /home/vagrant/Code/bewifing.net/jan.bewifing.net/vendor/laravel/framework/src/Illuminate/Routing/Route.php(189): Illuminate\Routing\ControllerDispatcher->dispatch(Object(Illuminate\Routing\Route), Object(App\Http\Controllers\ZiXun\ZiXunController), 'zixun')
#26 /home/vagrant/Code/bewifing.net/jan.bewifing.net/vendor/laravel/framework/src/Illuminate/Routing/Route.php(144): Illuminate\Routing\Route->runController()
#27 /home/vagrant/Code/bewifing.net/jan.bewifing.net/vendor/laravel/framework/src/Illuminate/Routing/Router.php(642): Illuminate\Routing\Route->run(Object(Illuminate\Http\Request))
#28 /home/vagrant/Code/bewifing.net/jan.bewifing.net/vendor/laravel/framework/src/Illuminate/Routing/Pipeline.php(53): Illuminate\Routing\Router->Illuminate\Routing\{closure}(Object(Illuminate\Http\Request))
#29 /home/vagrant/Code/bewifing.net/jan.bewifing.net/app/Http/Middleware/ZiXunMember.php(37): Illuminate\Routing\Pipeline->Illuminate\Routing\{closure}(Object(Illuminate\Http\Request))
#30 /home/vagrant/Code/bewifing.net/jan.bewifing.net/vendor/laravel/framework/src/Illuminate/Pipeline/Pipeline.php(137): App\Http\Middleware\ZiXunMember->handle(Object(Illuminate\Http\Request), Object(Closure))
#31 /home/vagrant/Code/bewifing.net/jan.bewifing.net/vendor/laravel/framework/src/Illuminate/Routing/Pipeline.php(33): Illuminate\Pipeline\Pipeline->Illuminate\Pipeline\{closure}(Object(Illuminate\Http\Request))
#32 /home/vagrant/Code/bewifing.net/jan.bewifing.net/app/Http/Middleware/AuthOpenid.php(50): Illuminate\Routing\Pipeline->Illuminate\Routing\{closure}(Object(Illuminate\Http\Request))
#33 /home/vagrant/Code/bewifing.net/jan.bewifing.net/vendor/laravel/framework/src/Illuminate/Pipeline/Pipeline.php(137): App\Http\Middleware\AuthOpenid->handle(Object(Illuminate\Http\Request), Object(Closure))
#34 /home/vagrant/Code/bewifing.net/jan.bewifing.net/vendor/laravel/framework/src/Illuminate/Routing/Pipeline.php(33): Illuminate\Pipeline\Pipeline->Illuminate\Pipeline\{closure}(Object(Illuminate\Http\Request))
#35 /home/vagrant/Code/bewifing.net/jan.bewifing.net/vendor/laravel/framework/src/Illuminate/Routing/Middleware/SubstituteBindings.php(41): Illuminate\Routing\Pipeline->Illuminate\Routing\{closure}(Object(Illuminate\Http\Request))
#36 /home/vagrant/Code/bewifing.net/jan.bewifing.net/vendor/laravel/framework/src/Illuminate/Pipeline/Pipeline.php(137): Illuminate\Routing\Middleware\SubstituteBindings->handle(Object(Illuminate\Http\Request), Object(Closure))
#37 /home/vagrant/Code/bewifing.net/jan.bewifing.net/vendor/laravel/framework/src/Illuminate/Routing/Pipeline.php(33): Illuminate\Pipeline\Pipeline->Illuminate\Pipeline\{closure}(Object(Illuminate\Http\Request))
#38 /home/vagrant/Code/bewifing.net/jan.bewifing.net/vendor/laravel/framework/src/Illuminate/View/Middleware/ShareErrorsFromSession.php(49): Illuminate\Routing\Pipeline->Illuminate\Routing\{closure}(Object(Illuminate\Http\Request))
#39 /home/vagrant/Code/bewifing.net/jan.bewifing.net/vendor/laravel/framework/src/Illuminate/Pipeline/Pipeline.php(137): Illuminate\View\Middleware\ShareErrorsFromSession->handle(Object(Illuminate\Http\Request), Object(Closure))
#40 /home/vagrant/Code/bewifing.net/jan.bewifing.net/vendor/laravel/framework/src/Illuminate/Routing/Pipeline.php(33): Illuminate\Pipeline\Pipeline->Illuminate\Pipeline\{closure}(Object(Illuminate\Http\Request))
#41 /home/vagrant/Code/bewifing.net/jan.bewifing.net/vendor/laravel/framework/src/Illuminate/Session/Middleware/StartSession.php(64): Illuminate\Routing\Pipeline->Illuminate\Routing\{closure}(Object(Illuminate\Http\Request))
#42 /home/vagrant/Code/bewifing.net/jan.bewifing.net/vendor/laravel/framework/src/Illuminate/Pipeline/Pipeline.php(137): Illuminate\Session\Middleware\StartSession->handle(Object(Illuminate\Http\Request), Object(Closure))
#43 /home/vagrant/Code/bewifing.net/jan.bewifing.net/vendor/laravel/framework/src/Illuminate/Routing/Pipeline.php(33): Illuminate\Pipeline\Pipeline->Illuminate\Pipeline\{closure}(Object(Illuminate\Http\Request))
#44 /home/vagrant/Code/bewifing.net/jan.bewifing.net/vendor/laravel/framework/src/Illuminate/Cookie/Middleware/AddQueuedCookiesToResponse.php(37): Illuminate\Routing\Pipeline->Illuminate\Routing\{closure}(Object(Illuminate\Http\Request))
#45 /home/vagrant/Code/bewifing.net/jan.bewifing.net/vendor/laravel/framework/src/Illuminate/Pipeline/Pipeline.php(137): Illuminate\Cookie\Middleware\AddQueuedCookiesToResponse->handle(Object(Illuminate\Http\Request), Object(Closure))
#46 /home/vagrant/Code/bewifing.net/jan.bewifing.net/vendor/laravel/framework/src/Illuminate/Routing/Pipeline.php(33): Illuminate\Pipeline\Pipeline->Illuminate\Pipeline\{closure}(Object(Illuminate\Http\Request))
#47 /home/vagrant/Code/bewifing.net/jan.bewifing.net/vendor/laravel/framework/src/Illuminate/Cookie/Middleware/EncryptCookies.php(59): Illuminate\Routing\Pipeline->Illuminate\Routing\{closure}(Object(Illuminate\Http\Request))
#48 /home/vagrant/Code/bewifing.net/jan.bewifing.net/vendor/laravel/framework/src/Illuminate/Pipeline/Pipeline.php(137): Illuminate\Cookie\Middleware\EncryptCookies->handle(Object(Illuminate\Http\Request), Object(Closure))
#49 /home/vagrant/Code/bewifing.net/jan.bewifing.net/vendor/laravel/framework/src/Illuminate/Routing/Pipeline.php(33): Illuminate\Pipeline\Pipeline->Illuminate\Pipeline\{closure}(Object(Illuminate\Http\Request))
#50 /home/vagrant/Code/bewifing.net/jan.bewifing.net/vendor/laravel/framework/src/Illuminate/Pipeline/Pipeline.php(104): Illuminate\Routing\Pipeline->Illuminate\Routing\{closure}(Object(Illuminate\Http\Request))
#51 /home/vagrant/Code/bewifing.net/jan.bewifing.net/vendor/laravel/framework/src/Illuminate/Routing/Router.php(644): Illuminate\Pipeline\Pipeline->then(Object(Closure))
#52 /home/vagrant/Code/bewifing.net/jan.bewifing.net/vendor/laravel/framework/src/Illuminate/Routing/Router.php(618): Illuminate\Routing\Router->runRouteWithinStack(Object(Illuminate\Routing\Route), Object(Illuminate\Http\Request))
#53 /home/vagrant/Code/bewifing.net/jan.bewifing.net/vendor/laravel/framework/src/Illuminate/Routing/Router.php(596): Illuminate\Routing\Router->dispatchToRoute(Object(Illuminate\Http\Request))
#54 /home/vagrant/Code/bewifing.net/jan.bewifing.net/vendor/laravel/framework/src/Illuminate/Foundation/Http/Kernel.php(267): Illuminate\Routing\Router->dispatch(Object(Illuminate\Http\Request))
#55 /home/vagrant/Code/bewifing.net/jan.bewifing.net/vendor/laravel/framework/src/Illuminate/Routing/Pipeline.php(53): Illuminate\Foundation\Http\Kernel->Illuminate\Foundation\Http\{closure}(Object(Illuminate\Http\Request))
#56 /home/vagrant/Code/bewifing.net/jan.bewifing.net/vendor/laravel/framework/src/Illuminate/Foundation/Http/Middleware/CheckForMaintenanceMode.php(46): Illuminate\Routing\Pipeline->Illuminate\Routing\{closure}(Object(Illuminate\Http\Request))
#57 /home/vagrant/Code/bewifing.net/jan.bewifing.net/vendor/laravel/framework/src/Illuminate/Pipeline/Pipeline.php(137): Illuminate\Foundation\Http\Middleware\CheckForMaintenanceMode->handle(Object(Illuminate\Http\Request), Object(Closure))
#58 /home/vagrant/Code/bewifing.net/jan.bewifing.net/vendor/laravel/framework/src/Illuminate/Routing/Pipeline.php(33): Illuminate\Pipeline\Pipeline->Illuminate\Pipeline\{closure}(Object(Illuminate\Http\Request))
#59 /home/vagrant/Code/bewifing.net/jan.bewifing.net/vendor/laravel/framework/src/Illuminate/Pipeline/Pipeline.php(104): Illuminate\Routing\Pipeline->Illuminate\Routing\{closure}(Object(Illuminate\Http\Request))
#60 /home/vagrant/Code/bewifing.net/jan.bewifing.net/vendor/laravel/framework/src/Illuminate/Foundation/Http/Kernel.php(149): Illuminate\Pipeline\Pipeline->then(Object(Closure))
#61 /home/vagrant/Code/bewifing.net/jan.bewifing.net/vendor/laravel/framework/src/Illuminate/Foundation/Http/Kernel.php(116): Illuminate\Foundation\Http\Kernel->sendRequestThroughRouter(Object(Illuminate\Http\Request))
#62 /home/vagrant/Code/bewifing.net/jan.bewifing.net/public/index.php(53): Illuminate\Foundation\Http\Kernel->handle(Object(Illuminate\Http\Request))
#63 {main}  
[2017-12-28 11:48:26] local.INFO: {"id":998,"isdelete":0,"created_at":"1512540129","updated_at":"1514170913","openid":"omACoji20sVNM1EOuF5JXrL6SCgw","name":"\u6781\u5ea6\u65e0\u804a\u7684fans","tel":"13111111111","gender":2,"avatar":"http:\/\/wx.qlogo.cn\/mmopen\/PiajxSqBRaEJOa81jI2wsHLeiaWU7NGWFvyj4NJBL3e4slOVZJrn0syqeEUroCRpx2cuWbE7HDic2cstkgYI0zKF1m6CNg7ib5IGwhMVSF9ypX4\/0"}  
[2017-12-28 11:53:51] local.INFO: {"id":998,"isdelete":0,"created_at":"1512540129","updated_at":"1514170913","openid":"omACoji20sVNM1EOuF5JXrL6SCgw","name":"\u6781\u5ea6\u65e0\u804a\u7684fans","tel":"13111111111","gender":2,"avatar":"http:\/\/wx.qlogo.cn\/mmopen\/PiajxSqBRaEJOa81jI2wsHLeiaWU7NGWFvyj4NJBL3e4slOVZJrn0syqeEUroCRpx2cuWbE7HDic2cstkgYI0zKF1m6CNg7ib5IGwhMVSF9ypX4\/0"}  
[2017-12-28 11:53:55] local.INFO: {"id":998,"isdelete":0,"created_at":"1512540129","updated_at":"1514170913","openid":"omACoji20sVNM1EOuF5JXrL6SCgw","name":"\u6781\u5ea6\u65e0\u804a\u7684fans","tel":"13111111111","gender":2,"avatar":"http:\/\/wx.qlogo.cn\/mmopen\/PiajxSqBRaEJOa81jI2wsHLeiaWU7NGWFvyj4NJBL3e4slOVZJrn0syqeEUroCRpx2cuWbE7HDic2cstkgYI0zKF1m6CNg7ib5IGwhMVSF9ypX4\/0"}  
[2017-12-28 11:53:55] local.INFO: {"id":998,"isdelete":0,"created_at":"1512540129","updated_at":"1514170913","openid":"omACoji20sVNM1EOuF5JXrL6SCgw","name":"\u6781\u5ea6\u65e0\u804a\u7684fans","tel":"13111111111","gender":2,"avatar":"http:\/\/wx.qlogo.cn\/mmopen\/PiajxSqBRaEJOa81jI2wsHLeiaWU7NGWFvyj4NJBL3e4slOVZJrn0syqeEUroCRpx2cuWbE7HDic2cstkgYI0zKF1m6CNg7ib5IGwhMVSF9ypX4\/0"}  
[2017-12-28 11:57:31] local.INFO: {"id":998,"isdelete":0,"created_at":"1512540129","updated_at":"1514170913","openid":"omACoji20sVNM1EOuF5JXrL6SCgw","name":"\u6781\u5ea6\u65e0\u804a\u7684fans","tel":"13111111111","gender":2,"avatar":"http:\/\/wx.qlogo.cn\/mmopen\/PiajxSqBRaEJOa81jI2wsHLeiaWU7NGWFvyj4NJBL3e4slOVZJrn0syqeEUroCRpx2cuWbE7HDic2cstkgYI0zKF1m6CNg7ib5IGwhMVSF9ypX4\/0"}  
[2017-12-28 11:57:33] local.INFO: {"id":998,"isdelete":0,"created_at":"1512540129","updated_at":"1514170913","openid":"omACoji20sVNM1EOuF5JXrL6SCgw","name":"\u6781\u5ea6\u65e0\u804a\u7684fans","tel":"13111111111","gender":2,"avatar":"http:\/\/wx.qlogo.cn\/mmopen\/PiajxSqBRaEJOa81jI2wsHLeiaWU7NGWFvyj4NJBL3e4slOVZJrn0syqeEUroCRpx2cuWbE7HDic2cstkgYI0zKF1m6CNg7ib5IGwhMVSF9ypX4\/0"}  
[2017-12-28 12:19:10] local.INFO: {"id":998,"isdelete":0,"created_at":"1512540129","updated_at":"1514170913","openid":"omACoji20sVNM1EOuF5JXrL6SCgw","name":"\u6781\u5ea6\u65e0\u804a\u7684fans","tel":"13111111111","gender":2,"avatar":"http:\/\/wx.qlogo.cn\/mmopen\/PiajxSqBRaEJOa81jI2wsHLeiaWU7NGWFvyj4NJBL3e4slOVZJrn0syqeEUroCRpx2cuWbE7HDic2cstkgYI0zKF1m6CNg7ib5IGwhMVSF9ypX4\/0"}  
[2017-12-28 12:19:19] local.INFO: {"id":998,"isdelete":0,"created_at":"1512540129","updated_at":"1514170913","openid":"omACoji20sVNM1EOuF5JXrL6SCgw","name":"\u6781\u5ea6\u65e0\u804a\u7684fans","tel":"13111111111","gender":2,"avatar":"http:\/\/wx.qlogo.cn\/mmopen\/PiajxSqBRaEJOa81jI2wsHLeiaWU7NGWFvyj4NJBL3e4slOVZJrn0syqeEUroCRpx2cuWbE7HDic2cstkgYI0zKF1m6CNg7ib5IGwhMVSF9ypX4\/0"}  
[2017-12-28 12:19:30] local.INFO: {"id":998,"isdelete":0,"created_at":"1512540129","updated_at":"1514170913","openid":"omACoji20sVNM1EOuF5JXrL6SCgw","name":"\u6781\u5ea6\u65e0\u804a\u7684fans","tel":"13111111111","gender":2,"avatar":"http:\/\/wx.qlogo.cn\/mmopen\/PiajxSqBRaEJOa81jI2wsHLeiaWU7NGWFvyj4NJBL3e4slOVZJrn0syqeEUroCRpx2cuWbE7HDic2cstkgYI0zKF1m6CNg7ib5IGwhMVSF9ypX4\/0"}  
[2017-12-28 12:20:34] local.INFO: {"id":998,"isdelete":0,"created_at":"1512540129","updated_at":"1514170913","openid":"omACoji20sVNM1EOuF5JXrL6SCgw","name":"\u6781\u5ea6\u65e0\u804a\u7684fans","tel":"13111111111","gender":2,"avatar":"http:\/\/wx.qlogo.cn\/mmopen\/PiajxSqBRaEJOa81jI2wsHLeiaWU7NGWFvyj4NJBL3e4slOVZJrn0syqeEUroCRpx2cuWbE7HDic2cstkgYI0zKF1m6CNg7ib5IGwhMVSF9ypX4\/0"}  
[2017-12-28 12:20:35] local.INFO: {"id":998,"isdelete":0,"created_at":"1512540129","updated_at":"1514170913","openid":"omACoji20sVNM1EOuF5JXrL6SCgw","name":"\u6781\u5ea6\u65e0\u804a\u7684fans","tel":"13111111111","gender":2,"avatar":"http:\/\/wx.qlogo.cn\/mmopen\/PiajxSqBRaEJOa81jI2wsHLeiaWU7NGWFvyj4NJBL3e4slOVZJrn0syqeEUroCRpx2cuWbE7HDic2cstkgYI0zKF1m6CNg7ib5IGwhMVSF9ypX4\/0"}  
[2017-12-28 12:20:40] local.INFO: {"id":998,"isdelete":0,"created_at":"1512540129","updated_at":"1514170913","openid":"omACoji20sVNM1EOuF5JXrL6SCgw","name":"\u6781\u5ea6\u65e0\u804a\u7684fans","tel":"13111111111","gender":2,"avatar":"http:\/\/wx.qlogo.cn\/mmopen\/PiajxSqBRaEJOa81jI2wsHLeiaWU7NGWFvyj4NJBL3e4slOVZJrn0syqeEUroCRpx2cuWbE7HDic2cstkgYI0zKF1m6CNg7ib5IGwhMVSF9ypX4\/0"}  
[2017-12-28 12:20:40] local.INFO: {"id":998,"isdelete":0,"created_at":"1512540129","updated_at":"1514170913","openid":"omACoji20sVNM1EOuF5JXrL6SCgw","name":"\u6781\u5ea6\u65e0\u804a\u7684fans","tel":"13111111111","gender":2,"avatar":"http:\/\/wx.qlogo.cn\/mmopen\/PiajxSqBRaEJOa81jI2wsHLeiaWU7NGWFvyj4NJBL3e4slOVZJrn0syqeEUroCRpx2cuWbE7HDic2cstkgYI0zKF1m6CNg7ib5IGwhMVSF9ypX4\/0"}  
[2017-12-28 12:20:47] local.INFO: {"id":998,"isdelete":0,"created_at":"1512540129","updated_at":"1514170913","openid":"omACoji20sVNM1EOuF5JXrL6SCgw","name":"\u6781\u5ea6\u65e0\u804a\u7684fans","tel":"13111111111","gender":2,"avatar":"http:\/\/wx.qlogo.cn\/mmopen\/PiajxSqBRaEJOa81jI2wsHLeiaWU7NGWFvyj4NJBL3e4slOVZJrn0syqeEUroCRpx2cuWbE7HDic2cstkgYI0zKF1m6CNg7ib5IGwhMVSF9ypX4\/0"}  
[2017-12-28 12:20:52] local.INFO: {"id":998,"isdelete":0,"created_at":"1512540129","updated_at":"1514170913","openid":"omACoji20sVNM1EOuF5JXrL6SCgw","name":"\u6781\u5ea6\u65e0\u804a\u7684fans","tel":"13111111111","gender":2,"avatar":"http:\/\/wx.qlogo.cn\/mmopen\/PiajxSqBRaEJOa81jI2wsHLeiaWU7NGWFvyj4NJBL3e4slOVZJrn0syqeEUroCRpx2cuWbE7HDic2cstkgYI0zKF1m6CNg7ib5IGwhMVSF9ypX4\/0"}  
[2017-12-28 12:22:03] local.INFO: {"id":998,"isdelete":0,"created_at":"1512540129","updated_at":"1514170913","openid":"omACoji20sVNM1EOuF5JXrL6SCgw","name":"\u6781\u5ea6\u65e0\u804a\u7684fans","tel":"13111111111","gender":2,"avatar":"http:\/\/wx.qlogo.cn\/mmopen\/PiajxSqBRaEJOa81jI2wsHLeiaWU7NGWFvyj4NJBL3e4slOVZJrn0syqeEUroCRpx2cuWbE7HDic2cstkgYI0zKF1m6CNg7ib5IGwhMVSF9ypX4\/0"}  
[2017-12-28 12:22:31] local.INFO: {"id":998,"isdelete":0,"created_at":"1512540129","updated_at":"1514170913","openid":"omACoji20sVNM1EOuF5JXrL6SCgw","name":"\u6781\u5ea6\u65e0\u804a\u7684fans","tel":"13111111111","gender":2,"avatar":"http:\/\/wx.qlogo.cn\/mmopen\/PiajxSqBRaEJOa81jI2wsHLeiaWU7NGWFvyj4NJBL3e4slOVZJrn0syqeEUroCRpx2cuWbE7HDic2cstkgYI0zKF1m6CNg7ib5IGwhMVSF9ypX4\/0"}  
[2017-12-28 12:26:52] local.INFO: {"id":998,"isdelete":0,"created_at":"1512540129","updated_at":"1514170913","openid":"omACoji20sVNM1EOuF5JXrL6SCgw","name":"\u6781\u5ea6\u65e0\u804a\u7684fans","tel":"13111111111","gender":2,"avatar":"http:\/\/wx.qlogo.cn\/mmopen\/PiajxSqBRaEJOa81jI2wsHLeiaWU7NGWFvyj4NJBL3e4slOVZJrn0syqeEUroCRpx2cuWbE7HDic2cstkgYI0zKF1m6CNg7ib5IGwhMVSF9ypX4\/0"}  
[2017-12-28 12:26:58] local.INFO: {"id":998,"isdelete":0,"created_at":"1512540129","updated_at":"1514170913","openid":"omACoji20sVNM1EOuF5JXrL6SCgw","name":"\u6781\u5ea6\u65e0\u804a\u7684fans","tel":"13111111111","gender":2,"avatar":"http:\/\/wx.qlogo.cn\/mmopen\/PiajxSqBRaEJOa81jI2wsHLeiaWU7NGWFvyj4NJBL3e4slOVZJrn0syqeEUroCRpx2cuWbE7HDic2cstkgYI0zKF1m6CNg7ib5IGwhMVSF9ypX4\/0"}  
[2017-12-28 12:26:58] local.INFO: {"id":998,"isdelete":0,"created_at":"1512540129","updated_at":"1514170913","openid":"omACoji20sVNM1EOuF5JXrL6SCgw","name":"\u6781\u5ea6\u65e0\u804a\u7684fans","tel":"13111111111","gender":2,"avatar":"http:\/\/wx.qlogo.cn\/mmopen\/PiajxSqBRaEJOa81jI2wsHLeiaWU7NGWFvyj4NJBL3e4slOVZJrn0syqeEUroCRpx2cuWbE7HDic2cstkgYI0zKF1m6CNg7ib5IGwhMVSF9ypX4\/0"}  
[2017-12-28 12:27:12] local.INFO: {"id":998,"isdelete":0,"created_at":"1512540129","updated_at":"1514170913","openid":"omACoji20sVNM1EOuF5JXrL6SCgw","name":"\u6781\u5ea6\u65e0\u804a\u7684fans","tel":"13111111111","gender":2,"avatar":"http:\/\/wx.qlogo.cn\/mmopen\/PiajxSqBRaEJOa81jI2wsHLeiaWU7NGWFvyj4NJBL3e4slOVZJrn0syqeEUroCRpx2cuWbE7HDic2cstkgYI0zKF1m6CNg7ib5IGwhMVSF9ypX4\/0"}  
[2017-12-28 12:27:14] local.INFO: {"id":998,"isdelete":0,"created_at":"1512540129","updated_at":"1514170913","openid":"omACoji20sVNM1EOuF5JXrL6SCgw","name":"\u6781\u5ea6\u65e0\u804a\u7684fans","tel":"13111111111","gender":2,"avatar":"http:\/\/wx.qlogo.cn\/mmopen\/PiajxSqBRaEJOa81jI2wsHLeiaWU7NGWFvyj4NJBL3e4slOVZJrn0syqeEUroCRpx2cuWbE7HDic2cstkgYI0zKF1m6CNg7ib5IGwhMVSF9ypX4\/0"}  
[2017-12-28 12:27:38] local.INFO: {"id":998,"isdelete":0,"created_at":"1512540129","updated_at":"1514170913","openid":"omACoji20sVNM1EOuF5JXrL6SCgw","name":"\u6781\u5ea6\u65e0\u804a\u7684fans","tel":"13111111111","gender":2,"avatar":"http:\/\/wx.qlogo.cn\/mmopen\/PiajxSqBRaEJOa81jI2wsHLeiaWU7NGWFvyj4NJBL3e4slOVZJrn0syqeEUroCRpx2cuWbE7HDic2cstkgYI0zKF1m6CNg7ib5IGwhMVSF9ypX4\/0"}  
[2017-12-28 12:27:38] local.INFO: {"id":998,"isdelete":0,"created_at":"1512540129","updated_at":"1514170913","openid":"omACoji20sVNM1EOuF5JXrL6SCgw","name":"\u6781\u5ea6\u65e0\u804a\u7684fans","tel":"13111111111","gender":2,"avatar":"http:\/\/wx.qlogo.cn\/mmopen\/PiajxSqBRaEJOa81jI2wsHLeiaWU7NGWFvyj4NJBL3e4slOVZJrn0syqeEUroCRpx2cuWbE7HDic2cstkgYI0zKF1m6CNg7ib5IGwhMVSF9ypX4\/0"}  
[2017-12-28 12:27:48] local.INFO: {"id":998,"isdelete":0,"created_at":"1512540129","updated_at":"1514170913","openid":"omACoji20sVNM1EOuF5JXrL6SCgw","name":"\u6781\u5ea6\u65e0\u804a\u7684fans","tel":"13111111111","gender":2,"avatar":"http:\/\/wx.qlogo.cn\/mmopen\/PiajxSqBRaEJOa81jI2wsHLeiaWU7NGWFvyj4NJBL3e4slOVZJrn0syqeEUroCRpx2cuWbE7HDic2cstkgYI0zKF1m6CNg7ib5IGwhMVSF9ypX4\/0"}  
[2017-12-28 12:27:48] local.INFO: {"id":998,"isdelete":0,"created_at":"1512540129","updated_at":"1514170913","openid":"omACoji20sVNM1EOuF5JXrL6SCgw","name":"\u6781\u5ea6\u65e0\u804a\u7684fans","tel":"13111111111","gender":2,"avatar":"http:\/\/wx.qlogo.cn\/mmopen\/PiajxSqBRaEJOa81jI2wsHLeiaWU7NGWFvyj4NJBL3e4slOVZJrn0syqeEUroCRpx2cuWbE7HDic2cstkgYI0zKF1m6CNg7ib5IGwhMVSF9ypX4\/0"}  
[2017-12-28 12:28:04] local.INFO: {"id":998,"isdelete":0,"created_at":"1512540129","updated_at":"1514170913","openid":"omACoji20sVNM1EOuF5JXrL6SCgw","name":"\u6781\u5ea6\u65e0\u804a\u7684fans","tel":"13111111111","gender":2,"avatar":"http:\/\/wx.qlogo.cn\/mmopen\/PiajxSqBRaEJOa81jI2wsHLeiaWU7NGWFvyj4NJBL3e4slOVZJrn0syqeEUroCRpx2cuWbE7HDic2cstkgYI0zKF1m6CNg7ib5IGwhMVSF9ypX4\/0"}  
[2017-12-28 12:28:04] local.INFO: {"id":998,"isdelete":0,"created_at":"1512540129","updated_at":"1514170913","openid":"omACoji20sVNM1EOuF5JXrL6SCgw","name":"\u6781\u5ea6\u65e0\u804a\u7684fans","tel":"13111111111","gender":2,"avatar":"http:\/\/wx.qlogo.cn\/mmopen\/PiajxSqBRaEJOa81jI2wsHLeiaWU7NGWFvyj4NJBL3e4slOVZJrn0syqeEUroCRpx2cuWbE7HDic2cstkgYI0zKF1m6CNg7ib5IGwhMVSF9ypX4\/0"}  
[2017-12-28 12:28:13] local.INFO: {"id":998,"isdelete":0,"created_at":"1512540129","updated_at":"1514170913","openid":"omACoji20sVNM1EOuF5JXrL6SCgw","name":"\u6781\u5ea6\u65e0\u804a\u7684fans","tel":"13111111111","gender":2,"avatar":"http:\/\/wx.qlogo.cn\/mmopen\/PiajxSqBRaEJOa81jI2wsHLeiaWU7NGWFvyj4NJBL3e4slOVZJrn0syqeEUroCRpx2cuWbE7HDic2cstkgYI0zKF1m6CNg7ib5IGwhMVSF9ypX4\/0"}  
[2017-12-28 12:28:13] local.INFO: {"id":998,"isdelete":0,"created_at":"1512540129","updated_at":"1514170913","openid":"omACoji20sVNM1EOuF5JXrL6SCgw","name":"\u6781\u5ea6\u65e0\u804a\u7684fans","tel":"13111111111","gender":2,"avatar":"http:\/\/wx.qlogo.cn\/mmopen\/PiajxSqBRaEJOa81jI2wsHLeiaWU7NGWFvyj4NJBL3e4slOVZJrn0syqeEUroCRpx2cuWbE7HDic2cstkgYI0zKF1m6CNg7ib5IGwhMVSF9ypX4\/0"}  
[2017-12-28 12:31:48] local.INFO: {"id":998,"isdelete":0,"created_at":"1512540129","updated_at":"1514170913","openid":"omACoji20sVNM1EOuF5JXrL6SCgw","name":"\u6781\u5ea6\u65e0\u804a\u7684fans","tel":"13111111111","gender":2,"avatar":"http:\/\/wx.qlogo.cn\/mmopen\/PiajxSqBRaEJOa81jI2wsHLeiaWU7NGWFvyj4NJBL3e4slOVZJrn0syqeEUroCRpx2cuWbE7HDic2cstkgYI0zKF1m6CNg7ib5IGwhMVSF9ypX4\/0"}  
[2017-12-28 12:31:48] local.INFO: {"id":998,"isdelete":0,"created_at":"1512540129","updated_at":"1514170913","openid":"omACoji20sVNM1EOuF5JXrL6SCgw","name":"\u6781\u5ea6\u65e0\u804a\u7684fans","tel":"13111111111","gender":2,"avatar":"http:\/\/wx.qlogo.cn\/mmopen\/PiajxSqBRaEJOa81jI2wsHLeiaWU7NGWFvyj4NJBL3e4slOVZJrn0syqeEUroCRpx2cuWbE7HDic2cstkgYI0zKF1m6CNg7ib5IGwhMVSF9ypX4\/0"}  
[2017-12-28 12:36:50] local.INFO: {"id":998,"isdelete":0,"created_at":"1512540129","updated_at":"1514170913","openid":"omACoji20sVNM1EOuF5JXrL6SCgw","name":"\u6781\u5ea6\u65e0\u804a\u7684fans","tel":"13111111111","gender":2,"avatar":"http:\/\/wx.qlogo.cn\/mmopen\/PiajxSqBRaEJOa81jI2wsHLeiaWU7NGWFvyj4NJBL3e4slOVZJrn0syqeEUroCRpx2cuWbE7HDic2cstkgYI0zKF1m6CNg7ib5IGwhMVSF9ypX4\/0"}  
[2017-12-28 12:55:19] local.INFO: {"id":998,"isdelete":0,"created_at":"1512540129","updated_at":"1514170913","openid":"omACoji20sVNM1EOuF5JXrL6SCgw","name":"\u6781\u5ea6\u65e0\u804a\u7684fans","tel":"13111111111","gender":2,"avatar":"http:\/\/wx.qlogo.cn\/mmopen\/PiajxSqBRaEJOa81jI2wsHLeiaWU7NGWFvyj4NJBL3e4slOVZJrn0syqeEUroCRpx2cuWbE7HDic2cstkgYI0zKF1m6CNg7ib5IGwhMVSF9ypX4\/0"}  
[2017-12-28 12:55:19] local.INFO: {"id":998,"isdelete":0,"created_at":"1512540129","updated_at":"1514170913","openid":"omACoji20sVNM1EOuF5JXrL6SCgw","name":"\u6781\u5ea6\u65e0\u804a\u7684fans","tel":"13111111111","gender":2,"avatar":"http:\/\/wx.qlogo.cn\/mmopen\/PiajxSqBRaEJOa81jI2wsHLeiaWU7NGWFvyj4NJBL3e4slOVZJrn0syqeEUroCRpx2cuWbE7HDic2cstkgYI0zKF1m6CNg7ib5IGwhMVSF9ypX4\/0"}  
